[2025-10-16 13:24:20] [INFO]    [OmnipathR] Welcome to OmnipathR!
[2025-10-16 13:24:20] [INFO]    [OmnipathR] OmnipathR version: 3.14.0
[2025-10-16 13:24:20] [TRACE]   [OmnipathR] Reading JSON from `/home/alessio/.cache/OmnipathR/cache.json` (encoding: UTF-8).
[2025-10-16 13:24:20] [TRACE]   [OmnipathR] JSON validation successful: TRUE
[2025-10-16 13:24:20] [INFO]    [OmnipathR] Initialized cache: `/home/alessio/.cache/OmnipathR`.
[2025-10-16 13:24:20] [TRACE]   [OmnipathR] Reading JSON from `/home/alessio/R/x86_64-pc-linux-gnu-library/4.4/OmnipathR/db/db_def.json` (encoding: UTF-8).
[2025-10-16 13:24:20] [TRACE]   [OmnipathR] JSON validation successful: TRUE
[2025-10-16 13:24:20] [TRACE]   [OmnipathR] Reading JSON from `/home/alessio/R/x86_64-pc-linux-gnu-library/4.4/OmnipathR/internal/magic_bytes.json` (encoding: UTF-8).
[2025-10-16 13:24:20] [TRACE]   [OmnipathR] JSON validation successful: TRUE
[2025-10-16 13:24:20] [TRACE]   [OmnipathR] Reading JSON from `/home/alessio/R/x86_64-pc-linux-gnu-library/4.4/OmnipathR/internal/urls.json` (encoding: UTF-8).
[2025-10-16 13:24:20] [TRACE]   [OmnipathR] JSON validation successful: TRUE
[2025-10-16 13:24:20] [TRACE]   [OmnipathR] Reading JSON from `/home/alessio/R/x86_64-pc-linux-gnu-library/4.4/OmnipathR/internal/id_types.json` (encoding: UTF-8).
[2025-10-16 13:24:20] [TRACE]   [OmnipathR] JSON validation successful: TRUE
[2025-10-16 13:24:22] [TRACE]   [OmnipathR] Reading JSON from `https://omnipathdb.org/resources` (encoding: UTF-8).
[2025-10-16 13:24:22] [TRACE]   [OmnipathR] JSON validation successful: TRUE
[2025-10-16 13:24:22] [INFO]    [OmnipathR] Loading database `Ensembl and OMA organism names`.
[2025-10-16 13:24:22] [INFO]    [OmnipathR] Looking up in cache `https://www.ensembl.org/info/about/species.html`: key=7332486db7400730697234bad76ca0c8e4d00799, latest version=9.
[2025-10-16 13:24:22] [TRACE]   [OmnipathR] Cache file path: /home/alessio/.cache/OmnipathR/7332486db7400730697234bad76ca0c8e4d00799-9.html
[2025-10-16 13:24:22] [TRACE]   [OmnipathR] Looking up in cache: `https://omabrowser.org/All/oma-species.txt`.
[2025-10-16 13:24:22] [TRACE]   [OmnipathR] Loaded data from RDS `/home/alessio/.cache/OmnipathR/30e690cbb55dfc63b5903ab337f34ffc2f4be397-1.rds`.
[2025-10-16 13:24:26] [INFO]    [OmnipathR] Loaded database `Ensembl and OMA organism names`.
[2025-10-16 13:24:26] [TRACE]   [OmnipathR] Arguments for OmniPath query: [wide=TRUE,resources=PROGENy,query_type=annotations]
[2025-10-16 13:24:26] [TRACE]   [OmnipathR] Organism(s): 9606
[2025-10-16 13:24:26] [TRACE]   [OmnipathR] Orthology targets: 
[2025-10-16 13:24:27] [TRACE]   [OmnipathR] Reading JSON from `https://omnipathdb.org/resources` (encoding: UTF-8).
[2025-10-16 13:24:27] [TRACE]   [OmnipathR] JSON validation successful: TRUE
[2025-10-16 13:24:27] [TRACE]   [OmnipathR] Looking up in cache: `https://omnipathdb.org/annotations?resources=PROGENy&license=academic`
[2025-10-16 13:24:29] [TRACE]   [OmnipathR] Loaded data from RDS `/home/alessio/.cache/OmnipathR/3492392585ba05414edfae46801492076437d7e7-1.rds`.
[2025-10-16 13:24:30] [INFO]    [OmnipathR] Loaded from cache: `https://omnipathdb.org/annotations?resources=PROGENy&license=academic`
[2025-10-16 13:24:30] [SUCCESS] [OmnipathR] Loaded 700239 annotation records from cache.
[2025-10-16 16:24:36] [TRACE]   [OmnipathR] Removing database `Ensembl and OMA organism names` (not used in the past 10800 seconds)
